TN:
SF:contracts/controller/src/contract.rs
FN:24,instantiate
FN:43,execute
FN:85,{closure#1}
FN:103,{closure#0}
FN:107,{closure#1}
FN:115,query
FN:125,migrate
FNF:7
FNDA:1,instantiate
FNDA:3,execute
FNDA:0,{closure#1}
FNDA:0,{closure#0}
FNDA:0,{closure#1}
FNDA:0,query
FNDA:0,migrate
DA:24,1
DA:30,3
DA:31,4
DA:32,1
DA:33,3
DA:34,3
DA:35,4
DA:36,1
DA:39,1
DA:43,3
DA:49,4
DA:51,1
DA:52,3
DA:57,4
DA:58,0
DA:61,2
DA:62,1
DA:63,4
DA:65,3
DA:67,4
DA:69,3
DA:71,6
DA:72,3
DA:74,3
DA:76,0
DA:77,0
DA:78,0
DA:79,0
DA:80,0
DA:82,0
DA:85,0
DA:87,0
DA:88,0
DA:89,0
DA:90,0
DA:92,0
DA:97,0
DA:101,0
DA:102,0
DA:103,0
DA:104,0
DA:105,0
DA:107,0
DA:115,0
DA:117,0
DA:118,0
DA:119,0
DA:125,0
DA:126,0
LF:49
LH:23
end_of_record
TN:
SF:contracts/controller/src/ibc.rs
FN:18,ibc_channel_open
FN:52,ibc_channel_connect
FN:64,ibc_packet_receive
FN:72,confirm_assembly
FN:88,ibc_packet_timeout
FN:94,{closure#0}
FN:123,ibc_packet_ack
FN:131,{closure#0}
FN:167,ibc_channel_close
FNF:9
FNDA:0,ibc_channel_open
FNDA:0,ibc_channel_connect
FNDA:0,ibc_packet_receive
FNDA:1,confirm_assembly
FNDA:1,ibc_packet_timeout
FNDA:6,{closure#0}
FNDA:1,ibc_packet_ack
FNDA:6,{closure#0}
FNDA:1,ibc_channel_close
DA:18,0
DA:23,0
DA:25,0
DA:26,0
DA:30,0
DA:31,0
DA:37,0
DA:38,0
DA:39,0
DA:46,0
DA:47,0
DA:52,0
DA:57,0
DA:58,0
DA:60,0
DA:64,0
DA:72,1
DA:77,2
DA:79,1
DA:83,1
DA:88,1
DA:93,2
DA:94,6
DA:95,2
DA:99,1
DA:100,2
DA:101,1
DA:103,2
DA:110,2
DA:112,5
DA:113,3
DA:114,1
DA:115,1
DA:118,1
DA:119,2
DA:123,1
DA:128,2
DA:129,2
DA:130,1
DA:131,6
DA:132,2
DA:136,1
DA:137,2
DA:138,1
DA:139,1
DA:140,1
DA:141,1
DA:142,1
DA:146,0
DA:153,2
DA:154,2
DA:156,5
DA:157,3
DA:158,1
DA:159,1
DA:162,1
DA:163,2
DA:167,1
DA:172,2
LF:59
LH:42
end_of_record
TN:
SF:contracts/satellite/src/contract.rs
FN:27,instantiate
FN:52,reply
FN:64,execute
FN:123,{closure#0}
FN:127,{closure#1}
FN:134,check_messages
FN:137,{closure#0}
FN:138,{closure#1}
FN:152,query
FN:162,migrate
FNF:10
FNDA:3,instantiate
FNDA:0,reply
FNDA:2,execute
FNDA:0,{closure#0}
FNDA:0,{closure#1}
FNDA:1,check_messages
FNDA:2,{closure#0}
FNDA:2,{closure#1}
FNDA:0,query
FNDA:0,migrate
DA:27,3
DA:33,6
DA:35,6
DA:36,3
DA:37,3
DA:38,6
DA:39,3
DA:40,6
DA:41,3
DA:42,3
DA:43,3
DA:44,3
DA:48,3
DA:52,0
DA:53,0
DA:54,0
DA:56,0
DA:57,0
DA:59,0
DA:64,2
DA:70,2
DA:72,0
DA:73,0
DA:74,0
DA:75,0
DA:76,0
DA:77,0
DA:78,0
DA:81,0
DA:83,0
DA:84,0
DA:87,1
DA:88,6
DA:89,4
DA:90,2
DA:91,2
DA:93,0
DA:96,2
DA:98,2
DA:99,1
DA:100,0
DA:101,0
DA:104,0
DA:105,0
DA:106,0
DA:107,0
DA:109,0
DA:115,0
DA:117,0
DA:121,0
DA:122,0
DA:123,0
DA:124,0
DA:125,0
DA:127,0
DA:134,1
DA:135,2
DA:137,2
DA:138,2
DA:140,3
DA:141,1
DA:143,1
DA:146,2
DA:148,1
DA:152,0
DA:154,0
DA:155,0
DA:156,0
DA:162,0
DA:163,0
LF:70
LH:32
end_of_record
TN:
SF:contracts/satellite/src/ibc.rs
FN:22,ack_ok
FN:27,ack_fail<astro_satellite::error::ContractError>
FN:32,ibc_channel_open
FN:66,ibc_channel_connect
FN:95,ibc_packet_receive
FN:107,do_packet_receive
FN:130,{closure#0}
FN:131,{closure#1}
FN:144,ibc_packet_timeout
FN:153,ibc_packet_ack
FN:162,ibc_channel_close
FNF:11
FNDA:1,ack_ok
FNDA:1,ack_fail<astro_satellite::error::ContractError>
FNDA:0,ibc_channel_open
FNDA:1,ibc_channel_connect
FNDA:1,ibc_packet_receive
FNDA:1,do_packet_receive
FNDA:0,{closure#0}
FNDA:2,{closure#1}
FNDA:0,ibc_packet_timeout
FNDA:0,ibc_packet_ack
FNDA:0,ibc_channel_close
DA:22,1
DA:23,2
DA:27,1
DA:28,3
DA:32,0
DA:37,0
DA:39,0
DA:40,0
DA:44,0
DA:45,0
DA:51,0
DA:52,0
DA:53,0
DA:60,0
DA:61,0
DA:66,1
DA:71,2
DA:73,1
DA:74,1
DA:75,1
DA:76,1
DA:79,2
DA:80,1
DA:81,1
DA:82,1
DA:88,3
DA:90,1
DA:95,1
DA:100,4
DA:101,4
DA:102,1
DA:103,2
DA:107,1
DA:111,2
DA:112,1
DA:113,3
DA:114,1
DA:115,1
DA:116,1
DA:119,1
DA:123,2
DA:124,3
DA:126,2
DA:127,3
DA:128,1
DA:130,0
DA:131,2
DA:133,2
DA:134,1
DA:135,1
DA:137,1
DA:138,2
DA:140,1
DA:144,0
DA:153,0
DA:162,0
DA:167,0
LF:57
LH:41
end_of_record
TN:
SF:contracts/satellite/src/state.rs
FN:27,update
FNF:1
FNDA:2,update
DA:27,2
DA:28,2
DA:29,0
DA:32,6
DA:33,2
DA:36,2
DA:37,0
DA:38,0
DA:42,2
DA:43,0
DA:46,2
DA:47,0
DA:50,2
DA:51,0
DA:54,2
DA:55,0
LF:16
LH:9
end_of_record
TN:
SF:contracts/satellite/tests/integration.rs
FN:11,mock_app
FN:18,satellite_contract
FN:22,noop_contract
FN:23,noop_execute
FN:32,noop_query
FN:43,proposal_msg
FNF:6
FNDA:1,mock_app
FNDA:1,satellite_contract
FNDA:1,noop_contract
FNDA:1,noop_execute
FNDA:0,noop_query
FNDA:1,proposal_msg
DA:11,1
DA:12,3
DA:14,1
DA:18,1
DA:19,1
DA:22,1
DA:23,1
DA:29,2
DA:32,0
DA:33,0
DA:36,1
DA:43,1
DA:45,1
LF:13
LH:11
end_of_record
